<?xml version="1.0" encoding="UTF-8"?>
<!-- Generated by org.testng.reporters.JUnitReportReporter -->
<testsuite hostname="DESKTOP-JVEJ1QU" failures="0" tests="3" name="testNg.Priority" time="0.005" errors="0" timestamp="2021-04-04T08:29:29 MDT" skipped="0">
  <testcase classname="testNg.Priority" name="chats" time="0.002"/>
  <system-out>
chat  </system-out>
  <testcase classname="testNg.Priority" name="calls" time="0.001"/>
  <system-out>
call  </system-out>
  <testcase classname="testNg.Priority" name="blocks" time="0.002"/>
  <system-out>
block  </system-out>
</testsuite> <!-- testNg.Priority -->
