<?xml version="1.0" encoding="UTF-8"?>
<!-- Generated by org.testng.reporters.JUnitReportReporter -->
<testsuite hostname="DESKTOP-JVEJ1QU" failures="0" tests="1" name="testNg.Test1" time="0.001" errors="0" timestamp="2021-04-04T08:29:29 MDT" skipped="0">
  <testcase classname="testNg.Test1" name="demo" time="0.001"/>
  <system-out>
hi  </system-out>
</testsuite> <!-- testNg.Test1 -->
