<?xml version="1.0" encoding="UTF-8"?>
<!-- Generated by org.testng.reporters.JUnitReportReporter -->
<testsuite hostname="DESKTOP-JVEJ1QU" failures="0" tests="5" name="testNg.skip" time="0.020" errors="0" timestamp="2021-04-04T08:29:29 MDT" skipped="1">
  <testcase classname="testNg.skip" name="chats" time="0.011"/>
  <system-out>
chat  </system-out>
  <testcase classname="testNg.skip" name="chats" time="0.005"/>
  <system-out>
chat  </system-out>
  <testcase classname="testNg.skip" name="chats" time="0.003"/>
  <system-out>
chat  </system-out>
  <testcase classname="testNg.skip" name="calls" time="0.001"/>
  <system-out>
call  </system-out>
  <testcase classname="testNg.skip" name="blocks">
    <skipped/>
  </testcase> <!-- blocks -->
  <system-out/>
</testsuite> <!-- testNg.skip -->
